[2022/03/21 10:01:28.036] - Starting server with initial configuration: {"gasLimit":6721975,"gasPrice":20000000000,"hardfork":"petersburg","hostname":"127.0.0.1","port":7545,"network_id":5777,"default_balance_ether":5,"total_accounts":10,"unlocked_accounts":[],"locked":false,"vmErrorsOnRPCResponse":true,"verbose":true,"db_path":"/Users/quan/Library/Application Support/Ganache/workspaces/TokenFarmWork/chaindata","logDirectory":"/Users/quan/Desktop/TokenFarm/GanacheLogs"}
[2022/03/21 10:01:28.115] - eth_subscribe
[2022/03/21 10:01:28.115] -    > {
   >   "jsonrpc": "2.0",
   >   "id": 60,
   >   "method": "eth_subscribe",
   >   "params": [
   >     "newHeads"
   >   ]
   > }
[2022/03/21 10:01:28.116] -  <   {
 <     "id": 60,
 <     "jsonrpc": "2.0",
 <     "result": "0x1"
 <   }
[2022/03/21 10:01:28.117] - eth_getLogs
[2022/03/21 10:01:28.117] -    > {
   >   "jsonrpc": "2.0",
   >   "id": 61,
   >   "method": "eth_getLogs",
   >   "params": [
   >     {
   >       "topics": []
   >     }
   >   ]
   > }
[2022/03/21 10:01:28.118] - eth_subscribe
[2022/03/21 10:01:28.118] -    > {
   >   "jsonrpc": "2.0",
   >   "id": 62,
   >   "method": "eth_subscribe",
   >   "params": [
   >     "logs",
   >     {
   >       "topics": []
   >     }
   >   ]
   > }
[2022/03/21 10:01:28.121] -  <   {
 <     "id": 61,
 <     "jsonrpc": "2.0",
 <     "result": []
 <   }
[2022/03/21 10:01:28.123] -  <   {
 <     "id": 62,
 <     "jsonrpc": "2.0",
 <     "result": "0x2"
 <   }
[2022/03/21 10:01:28.130] - eth_subscribe
[2022/03/21 10:01:28.130] -    > {
   >   "jsonrpc": "2.0",
   >   "id": 63,
   >   "method": "eth_subscribe",
   >   "params": [
   >     "newHeads"
   >   ]
   > }
[2022/03/21 10:01:28.130] - eth_getLogs
[2022/03/21 10:01:28.131] -    > {
   >   "jsonrpc": "2.0",
   >   "id": 64,
   >   "method": "eth_getLogs",
   >   "params": [
   >     {
   >       "topics": []
   >     }
   >   ]
   > }
[2022/03/21 10:01:28.131] - eth_subscribe
[2022/03/21 10:01:28.131] -    > {
   >   "jsonrpc": "2.0",
   >   "id": 65,
   >   "method": "eth_subscribe",
   >   "params": [
   >     "logs",
   >     {
   >       "topics": []
   >     }
   >   ]
   > }
[2022/03/21 10:01:28.131] -  <   {
 <     "id": 63,
 <     "jsonrpc": "2.0",
 <     "result": "0x3"
 <   }
[2022/03/21 10:01:28.133] -  <   {
 <     "id": 64,
 <     "jsonrpc": "2.0",
 <     "result": []
 <   }
[2022/03/21 10:01:28.135] -  <   {
 <     "id": 65,
 <     "jsonrpc": "2.0",
 <     "result": "0x4"
 <   }
[2022/03/21 10:01:28.158] - eth_blockNumber
[2022/03/21 10:01:28.158] -    > {
   >   "jsonrpc": "2.0",
   >   "id": 1437,
   >   "method": "eth_blockNumber",
   >   "params": [],
   >   "internal": true
   > }
[2022/03/21 10:01:28.158] - eth_accounts
[2022/03/21 10:01:28.159] -    > {
   >   "jsonrpc": "2.0",
   >   "id": 1438,
   >   "method": "eth_accounts",
   >   "params": [],
   >   "internal": true
   > }
[2022/03/21 10:01:28.159] - eth_gasPrice
[2022/03/21 10:01:28.159] -    > {
   >   "jsonrpc": "2.0",
   >   "id": 1439,
   >   "method": "eth_gasPrice",
   >   "params": [],
   >   "internal": true
   > }
[2022/03/21 10:01:28.159] -  <   {
 <     "id": 1437,
 <     "jsonrpc": "2.0",
 <     "result": "0xff"
 <   }
[2022/03/21 10:01:28.160] - eth_getBlockByNumber
[2022/03/21 10:01:28.160] -    > {
   >   "jsonrpc": "2.0",
   >   "id": 1440,
   >   "method": "eth_getBlockByNumber",
   >   "params": [
   >     "latest",
   >     false
   >   ],
   >   "internal": true
   > }
[2022/03/21 10:01:28.160] - eth_subscribe
[2022/03/21 10:01:28.160] -    > {
   >   "jsonrpc": "2.0",
   >   "id": 1441,
   >   "method": "eth_subscribe",
   >   "params": [
   >     "newHeads"
   >   ],
   >   "internal": true
   > }
[2022/03/21 10:01:28.161] -  <   {
 <     "id": 1438,
 <     "jsonrpc": "2.0",
 <     "result": [
 <       "0x9c02a39a7db992643288c1918a62e792961b93be",
 <       "0x12850108a037c29d1be9c9e81b6c3351766a569e",
 <       "0x4751f8ff0a16546237f21e1b17fc5b8aa7d4fac0",
 <       "0x06b876674660c9ae4100010353957c6b172a7647",
 <       "0x51fd0cb8875ee60e3519b1a195289349d3469efb",
 <       "0xadc7eeed08c28acc12487fa11b1a219ca141fe37",
 <       "0xe3c1a197d3e039d72ea312be5cfea48905a8e18b",
 <       "0xd0177a004804cea6eb0cda4a58eca9f9dba89952",
 <       "0x32169f1f5fa8f497c559b6418cdba5b324adf5cc",
 <       "0x545d9d1340713f49e058fac7d516f8467614755e"
 <     ]
 <   }
[2022/03/21 10:01:28.163] -  <   {
 <     "id": 1439,
 <     "jsonrpc": "2.0",
 <     "result": "0x4a817c800"
 <   }
[2022/03/21 10:01:28.165] -  <   {
 <     "id": 1440,
 <     "jsonrpc": "2.0",
 <     "result": {
 <       "number": "0xff",
 <       "hash": "0x580e5c0df97d48178897f55952c172510f071bf46f886f6df866a3d41ffac525",
 <       "parentHash": "0x7f95ef2615ee9412bdb50b2b82f0c6a0534f5c62ba063c076ee4ab289f52475e",
 <       "mixHash": "0x0000000000000000000000000000000000000000000000000000000000000000",
 <       "nonce": "0x0000000000000000",
 <       "sha3Uncles": "0x1dcc4de8dec75d7aab85b567b6ccd41ad312451b948a7413f0a142fd40d49347",
 <       "logsBloom": "0x00000000000000000000000000000000000000000000000000000000000000000000000000000000000000000000000000000000000000000000000000000000000000000000000000000000000000000000000000000000000000000000000000000000000000000000000000000000000000000000000000000000000000000000000000000000000000000000000000000000000000000000000000000000000000000000000000000000000000000000000000000000000000000000000000000000000000000000000000000000000000000000000000000000000000000000000000000000000000000000000000000000000000000000000000000000",
 <       "transactionsRoot": "0x531b2589a6183df2dfdec5a09fd6e338a7e7ee76b0bd50839d2b94e90c00abf3",
 <       "stateRoot": "0x63e4e6d766b65e4e3a0f02033dcc2da7fb4a46c95e46d50796f9cf036de249f7",
 <       "receiptsRoot": "0x650c10afe8c55f55b506086c70d8daa8e4cd37a14dc4502755b58b4c524c992b",
 <       "miner": "0x0000000000000000000000000000000000000000",
 <       "difficulty": "0x0",
 <       "totalDifficulty": "0x0",
 <       "extraData": "0x",
 <       "size": "0x3e8",
 <       "gasLimit": "0x6691b7",
 <       "gasUsed": "0xdb0b4",
 <       "timestamp": "0x6238aee0",
 <       "transactions": [
 <         "0x80711579117c6c613d4a1cd23f94d89a56caec1bbad8bc35fc5beb787178d5b7"
 <       ],
 <       "uncles": []
 <     }
 <   }
[2022/03/21 10:01:28.166] - eth_accounts
[2022/03/21 10:01:28.166] -    > {
   >   "jsonrpc": "2.0",
   >   "id": 1447,
   >   "method": "eth_accounts",
   >   "params": [],
   >   "internal": true
   > }
[2022/03/21 10:01:28.167] -  <   {
 <     "id": 1441,
 <     "jsonrpc": "2.0",
 <     "result": "0x5"
 <   }
[2022/03/21 10:01:28.168] -  <   {
 <     "id": 1447,
 <     "jsonrpc": "2.0",
 <     "result": [
 <       "0x9c02a39a7db992643288c1918a62e792961b93be",
 <       "0x12850108a037c29d1be9c9e81b6c3351766a569e",
 <       "0x4751f8ff0a16546237f21e1b17fc5b8aa7d4fac0",
 <       "0x06b876674660c9ae4100010353957c6b172a7647",
 <       "0x51fd0cb8875ee60e3519b1a195289349d3469efb",
 <       "0xadc7eeed08c28acc12487fa11b1a219ca141fe37",
 <       "0xe3c1a197d3e039d72ea312be5cfea48905a8e18b",
 <       "0xd0177a004804cea6eb0cda4a58eca9f9dba89952",
 <       "0x32169f1f5fa8f497c559b6418cdba5b324adf5cc",
 <       "0x545d9d1340713f49e058fac7d516f8467614755e"
 <     ]
 <   }
[2022/03/21 10:01:28.183] - eth_getBalance
[2022/03/21 10:01:28.183] -    > {
   >   "jsonrpc": "2.0",
   >   "id": 1448,
   >   "method": "eth_getBalance",
   >   "params": [
   >     "0x9c02a39a7db992643288c1918a62e792961b93be",
   >     "latest"
   >   ],
   >   "internal": true
   > }
[2022/03/21 10:01:28.186] - eth_getTransactionCount
[2022/03/21 10:01:28.186] -    > {
   >   "jsonrpc": "2.0",
   >   "id": 1449,
   >   "method": "eth_getTransactionCount",
   >   "params": [
   >     "0x9c02a39a7db992643288c1918a62e792961b93be",
   >     "latest"
   >   ],
   >   "internal": true
   > }
[2022/03/21 10:01:28.186] -  <   {
 <     "id": 1448,
 <     "jsonrpc": "2.0",
 <     "result": "0x287eaccbd2f0e000"
 <   }
[2022/03/21 10:01:28.188] -  <   {
 <     "id": 1449,
 <     "jsonrpc": "2.0",
 <     "result": "0xf7"
 <   }
[2022/03/21 10:01:28.188] - eth_getBalance
[2022/03/21 10:01:28.188] -    > {
   >   "jsonrpc": "2.0",
   >   "id": 1450,
   >   "method": "eth_getBalance",
   >   "params": [
   >     "0x12850108a037c29d1be9c9e81b6c3351766a569e",
   >     "latest"
   >   ],
   >   "internal": true
   > }
[2022/03/21 10:01:28.191] - eth_getTransactionCount
[2022/03/21 10:01:28.191] -    > {
   >   "jsonrpc": "2.0",
   >   "id": 1451,
   >   "method": "eth_getTransactionCount",
   >   "params": [
   >     "0x12850108a037c29d1be9c9e81b6c3351766a569e",
   >     "latest"
   >   ],
   >   "internal": true
   > }
[2022/03/21 10:01:28.191] -  <   {
 <     "id": 1450,
 <     "jsonrpc": "2.0",
 <     "result": "0x45319c5702dd6000"
 <   }
[2022/03/21 10:01:28.193] -  <   {
 <     "id": 1451,
 <     "jsonrpc": "2.0",
 <     "result": "0x8"
 <   }
[2022/03/21 10:01:28.193] - eth_getBalance
[2022/03/21 10:01:28.194] -    > {
   >   "jsonrpc": "2.0",
   >   "id": 1452,
   >   "method": "eth_getBalance",
   >   "params": [
   >     "0x4751f8ff0a16546237f21e1b17fc5b8aa7d4fac0",
   >     "latest"
   >   ],
   >   "internal": true
   > }
[2022/03/21 10:01:28.196] - eth_getTransactionCount
[2022/03/21 10:01:28.196] -    > {
   >   "jsonrpc": "2.0",
   >   "id": 1453,
   >   "method": "eth_getTransactionCount",
   >   "params": [
   >     "0x4751f8ff0a16546237f21e1b17fc5b8aa7d4fac0",
   >     "latest"
   >   ],
   >   "internal": true
   > }
[2022/03/21 10:01:28.196] -  <   {
 <     "id": 1452,
 <     "jsonrpc": "2.0",
 <     "result": "0x4563918244f40000"
 <   }
[2022/03/21 10:01:28.198] -  <   {
 <     "id": 1453,
 <     "jsonrpc": "2.0",
 <     "result": "0x0"
 <   }
[2022/03/21 10:01:28.201] - eth_getBalance
[2022/03/21 10:01:28.201] -    > {
   >   "jsonrpc": "2.0",
   >   "id": 1454,
   >   "method": "eth_getBalance",
   >   "params": [
   >     "0x06b876674660c9ae4100010353957c6b172a7647",
   >     "latest"
   >   ],
   >   "internal": true
   > }
[2022/03/21 10:01:28.202] - eth_getTransactionCount
[2022/03/21 10:01:28.202] -    > {
   >   "jsonrpc": "2.0",
   >   "id": 1455,
   >   "method": "eth_getTransactionCount",
   >   "params": [
   >     "0x06b876674660c9ae4100010353957c6b172a7647",
   >     "latest"
   >   ],
   >   "internal": true
   > }
[2022/03/21 10:01:28.204] -  <   {
 <     "id": 1454,
 <     "jsonrpc": "2.0",
 <     "result": "0x4563918244f40000"
 <   }
[2022/03/21 10:01:28.204] - eth_getBalance
[2022/03/21 10:01:28.205] -    > {
   >   "jsonrpc": "2.0",
   >   "id": 1456,
   >   "method": "eth_getBalance",
   >   "params": [
   >     "0x51fd0cb8875ee60e3519b1a195289349d3469efb",
   >     "latest"
   >   ],
   >   "internal": true
   > }
[2022/03/21 10:01:28.207] -  <   {
 <     "id": 1455,
 <     "jsonrpc": "2.0",
 <     "result": "0x0"
 <   }
[2022/03/21 10:01:28.207] - eth_getTransactionCount
[2022/03/21 10:01:28.207] -    > {
   >   "jsonrpc": "2.0",
   >   "id": 1457,
   >   "method": "eth_getTransactionCount",
   >   "params": [
   >     "0x51fd0cb8875ee60e3519b1a195289349d3469efb",
   >     "latest"
   >   ],
   >   "internal": true
   > }
[2022/03/21 10:01:28.209] -  <   {
 <     "id": 1456,
 <     "jsonrpc": "2.0",
 <     "result": "0x4563918244f40000"
 <   }
[2022/03/21 10:01:28.210] - eth_getBalance
[2022/03/21 10:01:28.210] -    > {
   >   "jsonrpc": "2.0",
   >   "id": 1458,
   >   "method": "eth_getBalance",
   >   "params": [
   >     "0xadc7eeed08c28acc12487fa11b1a219ca141fe37",
   >     "latest"
   >   ],
   >   "internal": true
   > }
[2022/03/21 10:01:28.210] -  <   {
 <     "id": 1457,
 <     "jsonrpc": "2.0",
 <     "result": "0x0"
 <   }
[2022/03/21 10:01:28.211] - eth_getTransactionCount
[2022/03/21 10:01:28.212] -    > {
   >   "jsonrpc": "2.0",
   >   "id": 1459,
   >   "method": "eth_getTransactionCount",
   >   "params": [
   >     "0xadc7eeed08c28acc12487fa11b1a219ca141fe37",
   >     "latest"
   >   ],
   >   "internal": true
   > }
[2022/03/21 10:01:28.214] - eth_getBalance
[2022/03/21 10:01:28.214] -    > {
   >   "jsonrpc": "2.0",
   >   "id": 1460,
   >   "method": "eth_getBalance",
   >   "params": [
   >     "0xe3c1a197d3e039d72ea312be5cfea48905a8e18b",
   >     "latest"
   >   ],
   >   "internal": true
   > }
[2022/03/21 10:01:28.216] -  <   {
 <     "id": 1458,
 <     "jsonrpc": "2.0",
 <     "result": "0x4563918244f40000"
 <   }
[2022/03/21 10:01:28.217] - eth_getTransactionCount
[2022/03/21 10:01:28.217] -    > {
   >   "jsonrpc": "2.0",
   >   "id": 1461,
   >   "method": "eth_getTransactionCount",
   >   "params": [
   >     "0xe3c1a197d3e039d72ea312be5cfea48905a8e18b",
   >     "latest"
   >   ],
   >   "internal": true
   > }
[2022/03/21 10:01:28.218] -  <   {
 <     "id": 1459,
 <     "jsonrpc": "2.0",
 <     "result": "0x0"
 <   }
[2022/03/21 10:01:28.219] - eth_getBalance
[2022/03/21 10:01:28.219] -    > {
   >   "jsonrpc": "2.0",
   >   "id": 1462,
   >   "method": "eth_getBalance",
   >   "params": [
   >     "0xd0177a004804cea6eb0cda4a58eca9f9dba89952",
   >     "latest"
   >   ],
   >   "internal": true
   > }
[2022/03/21 10:01:28.220] -  <   {
 <     "id": 1460,
 <     "jsonrpc": "2.0",
 <     "result": "0x4563918244f40000"
 <   }
[2022/03/21 10:01:28.221] - eth_getTransactionCount
[2022/03/21 10:01:28.222] -    > {
   >   "jsonrpc": "2.0",
   >   "id": 1463,
   >   "method": "eth_getTransactionCount",
   >   "params": [
   >     "0xd0177a004804cea6eb0cda4a58eca9f9dba89952",
   >     "latest"
   >   ],
   >   "internal": true
   > }
[2022/03/21 10:01:28.222] -  <   {
 <     "id": 1461,
 <     "jsonrpc": "2.0",
 <     "result": "0x0"
 <   }
[2022/03/21 10:01:28.224] - eth_getBalance
[2022/03/21 10:01:28.224] -    > {
   >   "jsonrpc": "2.0",
   >   "id": 1464,
   >   "method": "eth_getBalance",
   >   "params": [
   >     "0x32169f1f5fa8f497c559b6418cdba5b324adf5cc",
   >     "latest"
   >   ],
   >   "internal": true
   > }
[2022/03/21 10:01:28.225] -  <   {
 <     "id": 1462,
 <     "jsonrpc": "2.0",
 <     "result": "0x4563918244f40000"
 <   }
[2022/03/21 10:01:28.226] - eth_getTransactionCount
[2022/03/21 10:01:28.226] -    > {
   >   "jsonrpc": "2.0",
   >   "id": 1465,
   >   "method": "eth_getTransactionCount",
   >   "params": [
   >     "0x32169f1f5fa8f497c559b6418cdba5b324adf5cc",
   >     "latest"
   >   ],
   >   "internal": true
   > }
[2022/03/21 10:01:28.227] -  <   {
 <     "id": 1463,
 <     "jsonrpc": "2.0",
 <     "result": "0x0"
 <   }
[2022/03/21 10:01:28.228] - eth_getBalance
[2022/03/21 10:01:28.228] -    > {
   >   "jsonrpc": "2.0",
   >   "id": 1466,
   >   "method": "eth_getBalance",
   >   "params": [
   >     "0x545d9d1340713f49e058fac7d516f8467614755e",
   >     "latest"
   >   ],
   >   "internal": true
   > }
[2022/03/21 10:01:28.229] -  <   {
 <     "id": 1464,
 <     "jsonrpc": "2.0",
 <     "result": "0x4563918244f40000"
 <   }
[2022/03/21 10:01:28.230] - eth_getTransactionCount
[2022/03/21 10:01:28.230] -    > {
   >   "jsonrpc": "2.0",
   >   "id": 1467,
   >   "method": "eth_getTransactionCount",
   >   "params": [
   >     "0x545d9d1340713f49e058fac7d516f8467614755e",
   >     "latest"
   >   ],
   >   "internal": true
   > }
[2022/03/21 10:01:28.230] -  <   {
 <     "id": 1465,
 <     "jsonrpc": "2.0",
 <     "result": "0x0"
 <   }
[2022/03/21 10:01:28.232] - eth_blockNumber
[2022/03/21 10:01:28.233] -    > {
   >   "jsonrpc": "2.0",
   >   "id": 1442,
   >   "method": "eth_blockNumber",
   >   "params": [],
   >   "internal": true
   > }
[2022/03/21 10:01:28.233] - eth_accounts
[2022/03/21 10:01:28.233] -    > {
   >   "jsonrpc": "2.0",
   >   "id": 1443,
   >   "method": "eth_accounts",
   >   "params": [],
   >   "internal": true
   > }
[2022/03/21 10:01:28.233] - eth_gasPrice
[2022/03/21 10:01:28.233] -    > {
   >   "jsonrpc": "2.0",
   >   "id": 1444,
   >   "method": "eth_gasPrice",
   >   "params": [],
   >   "internal": true
   > }
[2022/03/21 10:01:28.234] - eth_getBlockByNumber
[2022/03/21 10:01:28.234] -    > {
   >   "jsonrpc": "2.0",
   >   "id": 1445,
   >   "method": "eth_getBlockByNumber",
   >   "params": [
   >     "latest",
   >     false
   >   ],
   >   "internal": true
   > }
[2022/03/21 10:01:28.234] - eth_subscribe
[2022/03/21 10:01:28.234] -    > {
   >   "jsonrpc": "2.0",
   >   "id": 1446,
   >   "method": "eth_subscribe",
   >   "params": [
   >     "newHeads"
   >   ],
   >   "internal": true
   > }
[2022/03/21 10:01:28.235] -  <   {
 <     "id": 1466,
 <     "jsonrpc": "2.0",
 <     "result": "0x4563918244f40000"
 <   }
[2022/03/21 10:01:28.236] -  <   {
 <     "id": 1467,
 <     "jsonrpc": "2.0",
 <     "result": "0x0"
 <   }
[2022/03/21 10:01:28.238] -  <   {
 <     "id": 1442,
 <     "jsonrpc": "2.0",
 <     "result": "0xff"
 <   }
[2022/03/21 10:01:28.239] -  <   {
 <     "id": 1443,
 <     "jsonrpc": "2.0",
 <     "result": [
 <       "0x9c02a39a7db992643288c1918a62e792961b93be",
 <       "0x12850108a037c29d1be9c9e81b6c3351766a569e",
 <       "0x4751f8ff0a16546237f21e1b17fc5b8aa7d4fac0",
 <       "0x06b876674660c9ae4100010353957c6b172a7647",
 <       "0x51fd0cb8875ee60e3519b1a195289349d3469efb",
 <       "0xadc7eeed08c28acc12487fa11b1a219ca141fe37",
 <       "0xe3c1a197d3e039d72ea312be5cfea48905a8e18b",
 <       "0xd0177a004804cea6eb0cda4a58eca9f9dba89952",
 <       "0x32169f1f5fa8f497c559b6418cdba5b324adf5cc",
 <       "0x545d9d1340713f49e058fac7d516f8467614755e"
 <     ]
 <   }
[2022/03/21 10:01:28.241] -  <   {
 <     "id": 1444,
 <     "jsonrpc": "2.0",
 <     "result": "0x4a817c800"
 <   }
[2022/03/21 10:01:28.243] -  <   {
 <     "id": 1445,
 <     "jsonrpc": "2.0",
 <     "result": {
 <       "number": "0xff",
 <       "hash": "0x580e5c0df97d48178897f55952c172510f071bf46f886f6df866a3d41ffac525",
 <       "parentHash": "0x7f95ef2615ee9412bdb50b2b82f0c6a0534f5c62ba063c076ee4ab289f52475e",
 <       "mixHash": "0x0000000000000000000000000000000000000000000000000000000000000000",
 <       "nonce": "0x0000000000000000",
 <       "sha3Uncles": "0x1dcc4de8dec75d7aab85b567b6ccd41ad312451b948a7413f0a142fd40d49347",
 <       "logsBloom": "0x00000000000000000000000000000000000000000000000000000000000000000000000000000000000000000000000000000000000000000000000000000000000000000000000000000000000000000000000000000000000000000000000000000000000000000000000000000000000000000000000000000000000000000000000000000000000000000000000000000000000000000000000000000000000000000000000000000000000000000000000000000000000000000000000000000000000000000000000000000000000000000000000000000000000000000000000000000000000000000000000000000000000000000000000000000000",
 <       "transactionsRoot": "0x531b2589a6183df2dfdec5a09fd6e338a7e7ee76b0bd50839d2b94e90c00abf3",
 <       "stateRoot": "0x63e4e6d766b65e4e3a0f02033dcc2da7fb4a46c95e46d50796f9cf036de249f7",
 <       "receiptsRoot": "0x650c10afe8c55f55b506086c70d8daa8e4cd37a14dc4502755b58b4c524c992b",
 <       "miner": "0x0000000000000000000000000000000000000000",
 <       "difficulty": "0x0",
 <       "totalDifficulty": "0x0",
 <       "extraData": "0x",
 <       "size": "0x3e8",
 <       "gasLimit": "0x6691b7",
 <       "gasUsed": "0xdb0b4",
 <       "timestamp": "0x6238aee0",
 <       "transactions": [
 <         "0x80711579117c6c613d4a1cd23f94d89a56caec1bbad8bc35fc5beb787178d5b7"
 <       ],
 <       "uncles": []
 <     }
 <   }
[2022/03/21 10:01:28.244] -  <   {
 <     "id": 1446,
 <     "jsonrpc": "2.0",
 <     "result": "0x6"
 <   }
[2022/03/21 10:01:28.246] - eth_getTransactionCount
[2022/03/21 10:01:28.246] -    > {
   >   "jsonrpc": "2.0",
   >   "id": 1469,
   >   "method": "eth_getTransactionCount",
   >   "params": [
   >     "0x9c02a39a7db992643288c1918a62e792961b93be",
   >     "latest"
   >   ],
   >   "internal": true
   > }
[2022/03/21 10:01:28.248] -  <   {
 <     "id": 1469,
 <     "jsonrpc": "2.0",
 <     "result": "0xf7"
 <   }
[2022/03/21 10:01:28.249] - eth_getBalance
[2022/03/21 10:01:28.249] -    > {
   >   "jsonrpc": "2.0",
   >   "id": 1470,
   >   "method": "eth_getBalance",
   >   "params": [
   >     "0x12850108a037c29d1be9c9e81b6c3351766a569e",
   >     "latest"
   >   ],
   >   "internal": true
   > }
[2022/03/21 10:01:28.250] - eth_getTransactionCount
[2022/03/21 10:01:28.250] -    > {
   >   "jsonrpc": "2.0",
   >   "id": 1471,
   >   "method": "eth_getTransactionCount",
   >   "params": [
   >     "0x12850108a037c29d1be9c9e81b6c3351766a569e",
   >     "latest"
   >   ],
   >   "internal": true
   > }
[2022/03/21 10:01:28.252] -  <   {
 <     "id": 1470,
 <     "jsonrpc": "2.0",
 <     "result": "0x45319c5702dd6000"
 <   }
[2022/03/21 10:01:28.260] - eth_getBalance
[2022/03/21 10:01:28.260] -    > {
   >   "jsonrpc": "2.0",
   >   "id": 1472,
   >   "method": "eth_getBalance",
   >   "params": [
   >     "0x4751f8ff0a16546237f21e1b17fc5b8aa7d4fac0",
   >     "latest"
   >   ],
   >   "internal": true
   > }
[2022/03/21 10:01:28.260] - eth_getTransactionCount
[2022/03/21 10:01:28.260] -    > {
   >   "jsonrpc": "2.0",
   >   "id": 1473,
   >   "method": "eth_getTransactionCount",
   >   "params": [
   >     "0x4751f8ff0a16546237f21e1b17fc5b8aa7d4fac0",
   >     "latest"
   >   ],
   >   "internal": true
   > }
[2022/03/21 10:01:28.261] - eth_getBalance
[2022/03/21 10:01:28.261] -    > {
   >   "jsonrpc": "2.0",
   >   "id": 1474,
   >   "method": "eth_getBalance",
   >   "params": [
   >     "0x06b876674660c9ae4100010353957c6b172a7647",
   >     "latest"
   >   ],
   >   "internal": true
   > }
[2022/03/21 10:01:28.262] -  <   {
 <     "id": 1471,
 <     "jsonrpc": "2.0",
 <     "result": "0x8"
 <   }
[2022/03/21 10:01:28.262] - eth_getTransactionCount
[2022/03/21 10:01:28.262] -    > {
   >   "jsonrpc": "2.0",
   >   "id": 1475,
   >   "method": "eth_getTransactionCount",
   >   "params": [
   >     "0x06b876674660c9ae4100010353957c6b172a7647",
   >     "latest"
   >   ],
   >   "internal": true
   > }
[2022/03/21 10:01:28.262] - eth_getBalance
[2022/03/21 10:01:28.262] -    > {
   >   "jsonrpc": "2.0",
   >   "id": 1476,
   >   "method": "eth_getBalance",
   >   "params": [
   >     "0x51fd0cb8875ee60e3519b1a195289349d3469efb",
   >     "latest"
   >   ],
   >   "internal": true
   > }
[2022/03/21 10:01:28.263] - eth_getTransactionCount
[2022/03/21 10:01:28.263] -    > {
   >   "jsonrpc": "2.0",
   >   "id": 1477,
   >   "method": "eth_getTransactionCount",
   >   "params": [
   >     "0x51fd0cb8875ee60e3519b1a195289349d3469efb",
   >     "latest"
   >   ],
   >   "internal": true
   > }
[2022/03/21 10:01:28.263] -  <   {
 <     "id": 1472,
 <     "jsonrpc": "2.0",
 <     "result": "0x4563918244f40000"
 <   }
[2022/03/21 10:01:28.264] - eth_getBalance
[2022/03/21 10:01:28.264] -    > {
   >   "jsonrpc": "2.0",
   >   "id": 1478,
   >   "method": "eth_getBalance",
   >   "params": [
   >     "0xadc7eeed08c28acc12487fa11b1a219ca141fe37",
   >     "latest"
   >   ],
   >   "internal": true
   > }
[2022/03/21 10:01:28.265] - eth_getTransactionCount
[2022/03/21 10:01:28.265] -    > {
   >   "jsonrpc": "2.0",
   >   "id": 1479,
   >   "method": "eth_getTransactionCount",
   >   "params": [
   >     "0xadc7eeed08c28acc12487fa11b1a219ca141fe37",
   >     "latest"
   >   ],
   >   "internal": true
   > }
[2022/03/21 10:01:28.266] -  <   {
 <     "id": 1473,
 <     "jsonrpc": "2.0",
 <     "result": "0x0"
 <   }
[2022/03/21 10:01:28.267] - eth_getBalance
[2022/03/21 10:01:28.267] -    > {
   >   "jsonrpc": "2.0",
   >   "id": 1480,
   >   "method": "eth_getBalance",
   >   "params": [
   >     "0xe3c1a197d3e039d72ea312be5cfea48905a8e18b",
   >     "latest"
   >   ],
   >   "internal": true
   > }
[2022/03/21 10:01:28.267] -  <   {
 <     "id": 1474,
 <     "jsonrpc": "2.0",
 <     "result": "0x4563918244f40000"
 <   }
[2022/03/21 10:01:28.268] - eth_getTransactionCount
[2022/03/21 10:01:28.268] -    > {
   >   "jsonrpc": "2.0",
   >   "id": 1481,
   >   "method": "eth_getTransactionCount",
   >   "params": [
   >     "0xe3c1a197d3e039d72ea312be5cfea48905a8e18b",
   >     "latest"
   >   ],
   >   "internal": true
   > }
[2022/03/21 10:01:28.269] -  <   {
 <     "id": 1475,
 <     "jsonrpc": "2.0",
 <     "result": "0x0"
 <   }
[2022/03/21 10:01:28.270] - eth_getBalance
[2022/03/21 10:01:28.270] -    > {
   >   "jsonrpc": "2.0",
   >   "id": 1482,
   >   "method": "eth_getBalance",
   >   "params": [
   >     "0xd0177a004804cea6eb0cda4a58eca9f9dba89952",
   >     "latest"
   >   ],
   >   "internal": true
   > }
[2022/03/21 10:01:28.271] -  <   {
 <     "id": 1476,
 <     "jsonrpc": "2.0",
 <     "result": "0x4563918244f40000"
 <   }
[2022/03/21 10:01:28.272] - eth_getTransactionCount
[2022/03/21 10:01:28.272] -    > {
   >   "jsonrpc": "2.0",
   >   "id": 1483,
   >   "method": "eth_getTransactionCount",
   >   "params": [
   >     "0xd0177a004804cea6eb0cda4a58eca9f9dba89952",
   >     "latest"
   >   ],
   >   "internal": true
   > }
[2022/03/21 10:01:28.273] -  <   {
 <     "id": 1477,
 <     "jsonrpc": "2.0",
 <     "result": "0x0"
 <   }
[2022/03/21 10:01:28.274] - eth_getBalance
[2022/03/21 10:01:28.275] -    > {
   >   "jsonrpc": "2.0",
   >   "id": 1484,
   >   "method": "eth_getBalance",
   >   "params": [
   >     "0x32169f1f5fa8f497c559b6418cdba5b324adf5cc",
   >     "latest"
   >   ],
   >   "internal": true
   > }
[2022/03/21 10:01:28.275] -  <   {
 <     "id": 1478,
 <     "jsonrpc": "2.0",
 <     "result": "0x4563918244f40000"
 <   }
[2022/03/21 10:01:28.276] - eth_getTransactionCount
[2022/03/21 10:01:28.276] -    > {
   >   "jsonrpc": "2.0",
   >   "id": 1485,
   >   "method": "eth_getTransactionCount",
   >   "params": [
   >     "0x32169f1f5fa8f497c559b6418cdba5b324adf5cc",
   >     "latest"
   >   ],
   >   "internal": true
   > }
[2022/03/21 10:01:28.277] -  <   {
 <     "id": 1479,
 <     "jsonrpc": "2.0",
 <     "result": "0x0"
 <   }
[2022/03/21 10:01:28.278] - eth_getBalance
[2022/03/21 10:01:28.278] -    > {
   >   "jsonrpc": "2.0",
   >   "id": 1486,
   >   "method": "eth_getBalance",
   >   "params": [
   >     "0x545d9d1340713f49e058fac7d516f8467614755e",
   >     "latest"
   >   ],
   >   "internal": true
   > }
[2022/03/21 10:01:28.279] -  <   {
 <     "id": 1480,
 <     "jsonrpc": "2.0",
 <     "result": "0x4563918244f40000"
 <   }
[2022/03/21 10:01:28.280] - eth_getTransactionCount
[2022/03/21 10:01:28.280] -    > {
   >   "jsonrpc": "2.0",
   >   "id": 1487,
   >   "method": "eth_getTransactionCount",
   >   "params": [
   >     "0x545d9d1340713f49e058fac7d516f8467614755e",
   >     "latest"
   >   ],
   >   "internal": true
   > }
[2022/03/21 10:01:28.281] -  <   {
 <     "id": 1481,
 <     "jsonrpc": "2.0",
 <     "result": "0x0"
 <   }
[2022/03/21 10:01:28.283] -  <   {
 <     "id": 1482,
 <     "jsonrpc": "2.0",
 <     "result": "0x4563918244f40000"
 <   }
[2022/03/21 10:01:28.285] -  <   {
 <     "id": 1483,
 <     "jsonrpc": "2.0",
 <     "result": "0x0"
 <   }
[2022/03/21 10:01:28.286] -  <   {
 <     "id": 1484,
 <     "jsonrpc": "2.0",
 <     "result": "0x4563918244f40000"
 <   }
[2022/03/21 10:01:28.288] -  <   {
 <     "id": 1485,
 <     "jsonrpc": "2.0",
 <     "result": "0x0"
 <   }
[2022/03/21 10:01:28.290] -  <   {
 <     "id": 1486,
 <     "jsonrpc": "2.0",
 <     "result": "0x4563918244f40000"
 <   }
[2022/03/21 10:01:28.292] -  <   {
 <     "id": 1487,
 <     "jsonrpc": "2.0",
 <     "result": "0x0"
 <   }
[2022/03/21 10:01:28.434] - eth_getBalance
[2022/03/21 10:01:28.435] -    > {
   >   "jsonrpc": "2.0",
   >   "id": 1489,
   >   "method": "eth_getBalance",
   >   "params": [
   >     "0x9c02a39a7db992643288c1918a62e792961b93be",
   >     "latest"
   >   ],
   >   "internal": true
   > }
[2022/03/21 10:01:28.436] - eth_getTransactionCount
[2022/03/21 10:01:28.437] -    > {
   >   "jsonrpc": "2.0",
   >   "id": 1490,
   >   "method": "eth_getTransactionCount",
   >   "params": [
   >     "0x9c02a39a7db992643288c1918a62e792961b93be",
   >     "latest"
   >   ],
   >   "internal": true
   > }
[2022/03/21 10:01:28.438] - eth_getBalance
[2022/03/21 10:01:28.438] -    > {
   >   "jsonrpc": "2.0",
   >   "id": 1491,
   >   "method": "eth_getBalance",
   >   "params": [
   >     "0x12850108a037c29d1be9c9e81b6c3351766a569e",
   >     "latest"
   >   ],
   >   "internal": true
   > }
[2022/03/21 10:01:28.439] -  <   {
 <     "id": 1489,
 <     "jsonrpc": "2.0",
 <     "result": "0x287eaccbd2f0e000"
 <   }
[2022/03/21 10:01:28.440] - eth_getTransactionCount
[2022/03/21 10:01:28.440] -    > {
   >   "jsonrpc": "2.0",
   >   "id": 1492,
   >   "method": "eth_getTransactionCount",
   >   "params": [
   >     "0x12850108a037c29d1be9c9e81b6c3351766a569e",
   >     "latest"
   >   ],
   >   "internal": true
   > }
[2022/03/21 10:01:28.441] -  <   {
 <     "id": 1490,
 <     "jsonrpc": "2.0",
 <     "result": "0xf7"
 <   }
[2022/03/21 10:01:28.443] - eth_getBalance
[2022/03/21 10:01:28.443] -    > {
   >   "jsonrpc": "2.0",
   >   "id": 1493,
   >   "method": "eth_getBalance",
   >   "params": [
   >     "0x4751f8ff0a16546237f21e1b17fc5b8aa7d4fac0",
   >     "latest"
   >   ],
   >   "internal": true
   > }
[2022/03/21 10:01:28.444] -  <   {
 <     "id": 1491,
 <     "jsonrpc": "2.0",
 <     "result": "0x45319c5702dd6000"
 <   }
[2022/03/21 10:01:28.445] - eth_getTransactionCount
[2022/03/21 10:01:28.445] -    > {
   >   "jsonrpc": "2.0",
   >   "id": 1494,
   >   "method": "eth_getTransactionCount",
   >   "params": [
   >     "0x4751f8ff0a16546237f21e1b17fc5b8aa7d4fac0",
   >     "latest"
   >   ],
   >   "internal": true
   > }
[2022/03/21 10:01:28.446] - eth_getBalance
[2022/03/21 10:01:28.447] -    > {
   >   "jsonrpc": "2.0",
   >   "id": 1495,
   >   "method": "eth_getBalance",
   >   "params": [
   >     "0x06b876674660c9ae4100010353957c6b172a7647",
   >     "latest"
   >   ],
   >   "internal": true
   > }
[2022/03/21 10:01:28.447] -  <   {
 <     "id": 1492,
 <     "jsonrpc": "2.0",
 <     "result": "0x8"
 <   }
[2022/03/21 10:01:28.448] - eth_getTransactionCount
[2022/03/21 10:01:28.448] -    > {
   >   "jsonrpc": "2.0",
   >   "id": 1496,
   >   "method": "eth_getTransactionCount",
   >   "params": [
   >     "0x06b876674660c9ae4100010353957c6b172a7647",
   >     "latest"
   >   ],
   >   "internal": true
   > }
[2022/03/21 10:01:28.451] -  <   {
 <     "id": 1493,
 <     "jsonrpc": "2.0",
 <     "result": "0x4563918244f40000"
 <   }
[2022/03/21 10:01:28.460] - eth_getBalance
[2022/03/21 10:01:28.460] -    > {
   >   "jsonrpc": "2.0",
   >   "id": 1497,
   >   "method": "eth_getBalance",
   >   "params": [
   >     "0x51fd0cb8875ee60e3519b1a195289349d3469efb",
   >     "latest"
   >   ],
   >   "internal": true
   > }
[2022/03/21 10:01:28.460] - eth_getTransactionCount
[2022/03/21 10:01:28.460] -    > {
   >   "jsonrpc": "2.0",
   >   "id": 1498,
   >   "method": "eth_getTransactionCount",
   >   "params": [
   >     "0x51fd0cb8875ee60e3519b1a195289349d3469efb",
   >     "latest"
   >   ],
   >   "internal": true
   > }
[2022/03/21 10:01:28.460] - eth_getBalance
[2022/03/21 10:01:28.461] -    > {
   >   "jsonrpc": "2.0",
   >   "id": 1499,
   >   "method": "eth_getBalance",
   >   "params": [
   >     "0xadc7eeed08c28acc12487fa11b1a219ca141fe37",
   >     "latest"
   >   ],
   >   "internal": true
   > }
[2022/03/21 10:01:28.461] - eth_getTransactionCount
[2022/03/21 10:01:28.461] -    > {
   >   "jsonrpc": "2.0",
   >   "id": 1500,
   >   "method": "eth_getTransactionCount",
   >   "params": [
   >     "0xadc7eeed08c28acc12487fa11b1a219ca141fe37",
   >     "latest"
   >   ],
   >   "internal": true
   > }
[2022/03/21 10:01:28.461] - eth_getBalance
[2022/03/21 10:01:28.461] -    > {
   >   "jsonrpc": "2.0",
   >   "id": 1501,
   >   "method": "eth_getBalance",
   >   "params": [
   >     "0xe3c1a197d3e039d72ea312be5cfea48905a8e18b",
   >     "latest"
   >   ],
   >   "internal": true
   > }
[2022/03/21 10:01:28.462] -  <   {
 <     "id": 1494,
 <     "jsonrpc": "2.0",
 <     "result": "0x0"
 <   }
[2022/03/21 10:01:28.462] - eth_getTransactionCount
[2022/03/21 10:01:28.463] -    > {
   >   "jsonrpc": "2.0",
   >   "id": 1502,
   >   "method": "eth_getTransactionCount",
   >   "params": [
   >     "0xe3c1a197d3e039d72ea312be5cfea48905a8e18b",
   >     "latest"
   >   ],
   >   "internal": true
   > }
[2022/03/21 10:01:28.463] - eth_getBalance
[2022/03/21 10:01:28.463] -    > {
   >   "jsonrpc": "2.0",
   >   "id": 1503,
   >   "method": "eth_getBalance",
   >   "params": [
   >     "0xd0177a004804cea6eb0cda4a58eca9f9dba89952",
   >     "latest"
   >   ],
   >   "internal": true
   > }
[2022/03/21 10:01:28.464] - eth_getTransactionCount
[2022/03/21 10:01:28.464] -    > {
   >   "jsonrpc": "2.0",
   >   "id": 1504,
   >   "method": "eth_getTransactionCount",
   >   "params": [
   >     "0xd0177a004804cea6eb0cda4a58eca9f9dba89952",
   >     "latest"
   >   ],
   >   "internal": true
   > }
[2022/03/21 10:01:28.466] -  <   {
 <     "id": 1495,
 <     "jsonrpc": "2.0",
 <     "result": "0x4563918244f40000"
 <   }
[2022/03/21 10:01:28.474] - eth_getBalance
[2022/03/21 10:01:28.475] -    > {
   >   "jsonrpc": "2.0",
   >   "id": 1505,
   >   "method": "eth_getBalance",
   >   "params": [
   >     "0x32169f1f5fa8f497c559b6418cdba5b324adf5cc",
   >     "latest"
   >   ],
   >   "internal": true
   > }
[2022/03/21 10:01:28.475] - eth_getTransactionCount
[2022/03/21 10:01:28.475] -    > {
   >   "jsonrpc": "2.0",
   >   "id": 1506,
   >   "method": "eth_getTransactionCount",
   >   "params": [
   >     "0x32169f1f5fa8f497c559b6418cdba5b324adf5cc",
   >     "latest"
   >   ],
   >   "internal": true
   > }
[2022/03/21 10:01:28.476] -  <   {
 <     "id": 1496,
 <     "jsonrpc": "2.0",
 <     "result": "0x0"
 <   }
[2022/03/21 10:01:28.476] - eth_getBalance
[2022/03/21 10:01:28.476] -    > {
   >   "jsonrpc": "2.0",
   >   "id": 1507,
   >   "method": "eth_getBalance",
   >   "params": [
   >     "0x545d9d1340713f49e058fac7d516f8467614755e",
   >     "latest"
   >   ],
   >   "internal": true
   > }
[2022/03/21 10:01:28.476] - eth_getTransactionCount
[2022/03/21 10:01:28.477] -    > {
   >   "jsonrpc": "2.0",
   >   "id": 1508,
   >   "method": "eth_getTransactionCount",
   >   "params": [
   >     "0x545d9d1340713f49e058fac7d516f8467614755e",
   >     "latest"
   >   ],
   >   "internal": true
   > }
[2022/03/21 10:01:28.477] - eth_getBalance
[2022/03/21 10:01:28.477] -    > {
   >   "jsonrpc": "2.0",
   >   "id": 1509,
   >   "method": "eth_getBalance",
   >   "params": [
   >     "0x9c02a39a7db992643288c1918a62e792961b93be",
   >     "latest"
   >   ],
   >   "internal": true
   > }
[2022/03/21 10:01:28.478] -  <   {
 <     "id": 1497,
 <     "jsonrpc": "2.0",
 <     "result": "0x4563918244f40000"
 <   }
[2022/03/21 10:01:28.478] - eth_getTransactionCount
[2022/03/21 10:01:28.478] -    > {
   >   "jsonrpc": "2.0",
   >   "id": 1510,
   >   "method": "eth_getTransactionCount",
   >   "params": [
   >     "0x9c02a39a7db992643288c1918a62e792961b93be",
   >     "latest"
   >   ],
   >   "internal": true
   > }
[2022/03/21 10:01:28.478] - eth_getBalance
[2022/03/21 10:01:28.478] -    > {
   >   "jsonrpc": "2.0",
   >   "id": 1511,
   >   "method": "eth_getBalance",
   >   "params": [
   >     "0x12850108a037c29d1be9c9e81b6c3351766a569e",
   >     "latest"
   >   ],
   >   "internal": true
   > }
[2022/03/21 10:01:28.479] - eth_getTransactionCount
[2022/03/21 10:01:28.479] -    > {
   >   "jsonrpc": "2.0",
   >   "id": 1512,
   >   "method": "eth_getTransactionCount",
   >   "params": [
   >     "0x12850108a037c29d1be9c9e81b6c3351766a569e",
   >     "latest"
   >   ],
   >   "internal": true
   > }
[2022/03/21 10:01:28.480] -  <   {
 <     "id": 1498,
 <     "jsonrpc": "2.0",
 <     "result": "0x0"
 <   }
[2022/03/21 10:01:28.481] - eth_getBalance
[2022/03/21 10:01:28.481] -    > {
   >   "jsonrpc": "2.0",
   >   "id": 1513,
   >   "method": "eth_getBalance",
   >   "params": [
   >     "0x4751f8ff0a16546237f21e1b17fc5b8aa7d4fac0",
   >     "latest"
   >   ],
   >   "internal": true
   > }
[2022/03/21 10:01:28.481] -  <   {
 <     "id": 1499,
 <     "jsonrpc": "2.0",
 <     "result": "0x4563918244f40000"
 <   }
[2022/03/21 10:01:28.482] - eth_getTransactionCount
[2022/03/21 10:01:28.483] -    > {
   >   "jsonrpc": "2.0",
   >   "id": 1514,
   >   "method": "eth_getTransactionCount",
   >   "params": [
   >     "0x4751f8ff0a16546237f21e1b17fc5b8aa7d4fac0",
   >     "latest"
   >   ],
   >   "internal": true
   > }
[2022/03/21 10:01:28.483] -  <   {
 <     "id": 1500,
 <     "jsonrpc": "2.0",
 <     "result": "0x0"
 <   }
[2022/03/21 10:01:28.484] - eth_getBalance
[2022/03/21 10:01:28.484] -    > {
   >   "jsonrpc": "2.0",
   >   "id": 1515,
   >   "method": "eth_getBalance",
   >   "params": [
   >     "0x06b876674660c9ae4100010353957c6b172a7647",
   >     "latest"
   >   ],
   >   "internal": true
   > }
[2022/03/21 10:01:28.485] -  <   {
 <     "id": 1501,
 <     "jsonrpc": "2.0",
 <     "result": "0x4563918244f40000"
 <   }
[2022/03/21 10:01:28.486] - eth_getTransactionCount
[2022/03/21 10:01:28.486] -    > {
   >   "jsonrpc": "2.0",
   >   "id": 1516,
   >   "method": "eth_getTransactionCount",
   >   "params": [
   >     "0x06b876674660c9ae4100010353957c6b172a7647",
   >     "latest"
   >   ],
   >   "internal": true
   > }
[2022/03/21 10:01:28.487] -  <   {
 <     "id": 1502,
 <     "jsonrpc": "2.0",
 <     "result": "0x0"
 <   }
[2022/03/21 10:01:28.488] - eth_getBalance
[2022/03/21 10:01:28.488] -    > {
   >   "jsonrpc": "2.0",
   >   "id": 1517,
   >   "method": "eth_getBalance",
   >   "params": [
   >     "0x51fd0cb8875ee60e3519b1a195289349d3469efb",
   >     "latest"
   >   ],
   >   "internal": true
   > }
[2022/03/21 10:01:28.488] -  <   {
 <     "id": 1503,
 <     "jsonrpc": "2.0",
 <     "result": "0x4563918244f40000"
 <   }
[2022/03/21 10:01:28.490] - eth_getTransactionCount
[2022/03/21 10:01:28.490] -    > {
   >   "jsonrpc": "2.0",
   >   "id": 1518,
   >   "method": "eth_getTransactionCount",
   >   "params": [
   >     "0x51fd0cb8875ee60e3519b1a195289349d3469efb",
   >     "latest"
   >   ],
   >   "internal": true
   > }
[2022/03/21 10:01:28.490] -  <   {
 <     "id": 1504,
 <     "jsonrpc": "2.0",
 <     "result": "0x0"
 <   }
[2022/03/21 10:01:28.491] - eth_getBalance
[2022/03/21 10:01:28.491] -    > {
   >   "jsonrpc": "2.0",
   >   "id": 1519,
   >   "method": "eth_getBalance",
   >   "params": [
   >     "0xadc7eeed08c28acc12487fa11b1a219ca141fe37",
   >     "latest"
   >   ],
   >   "internal": true
   > }
[2022/03/21 10:01:28.492] -  <   {
 <     "id": 1505,
 <     "jsonrpc": "2.0",
 <     "result": "0x4563918244f40000"
 <   }
[2022/03/21 10:01:28.494] -  <   {
 <     "id": 1506,
 <     "jsonrpc": "2.0",
 <     "result": "0x0"
 <   }
[2022/03/21 10:01:28.495] - eth_getTransactionCount
[2022/03/21 10:01:28.495] -    > {
   >   "jsonrpc": "2.0",
   >   "id": 1520,
   >   "method": "eth_getTransactionCount",
   >   "params": [
   >     "0xadc7eeed08c28acc12487fa11b1a219ca141fe37",
   >     "latest"
   >   ],
   >   "internal": true
   > }
[2022/03/21 10:01:28.496] -  <   {
 <     "id": 1507,
 <     "jsonrpc": "2.0",
 <     "result": "0x4563918244f40000"
 <   }
[2022/03/21 10:01:28.497] - eth_getBalance
[2022/03/21 10:01:28.497] -    > {
   >   "jsonrpc": "2.0",
   >   "id": 1521,
   >   "method": "eth_getBalance",
   >   "params": [
   >     "0xe3c1a197d3e039d72ea312be5cfea48905a8e18b",
   >     "latest"
   >   ],
   >   "internal": true
   > }
[2022/03/21 10:01:28.497] -  <   {
 <     "id": 1508,
 <     "jsonrpc": "2.0",
 <     "result": "0x0"
 <   }
[2022/03/21 10:01:28.498] - eth_getTransactionCount
[2022/03/21 10:01:28.499] -    > {
   >   "jsonrpc": "2.0",
   >   "id": 1522,
   >   "method": "eth_getTransactionCount",
   >   "params": [
   >     "0xe3c1a197d3e039d72ea312be5cfea48905a8e18b",
   >     "latest"
   >   ],
   >   "internal": true
   > }
[2022/03/21 10:01:28.499] -  <   {
 <     "id": 1509,
 <     "jsonrpc": "2.0",
 <     "result": "0x287eaccbd2f0e000"
 <   }
[2022/03/21 10:01:28.500] - eth_getBalance
[2022/03/21 10:01:28.501] -    > {
   >   "jsonrpc": "2.0",
   >   "id": 1523,
   >   "method": "eth_getBalance",
   >   "params": [
   >     "0xd0177a004804cea6eb0cda4a58eca9f9dba89952",
   >     "latest"
   >   ],
   >   "internal": true
   > }
[2022/03/21 10:01:28.501] -  <   {
 <     "id": 1510,
 <     "jsonrpc": "2.0",
 <     "result": "0xf7"
 <   }
[2022/03/21 10:01:28.502] - eth_getTransactionCount
[2022/03/21 10:01:28.502] -    > {
   >   "jsonrpc": "2.0",
   >   "id": 1524,
   >   "method": "eth_getTransactionCount",
   >   "params": [
   >     "0xd0177a004804cea6eb0cda4a58eca9f9dba89952",
   >     "latest"
   >   ],
   >   "internal": true
   > }
[2022/03/21 10:01:28.503] -  <   {
 <     "id": 1511,
 <     "jsonrpc": "2.0",
 <     "result": "0x45319c5702dd6000"
 <   }
[2022/03/21 10:01:28.504] - eth_getBalance
[2022/03/21 10:01:28.504] -    > {
   >   "jsonrpc": "2.0",
   >   "id": 1525,
   >   "method": "eth_getBalance",
   >   "params": [
   >     "0x32169f1f5fa8f497c559b6418cdba5b324adf5cc",
   >     "latest"
   >   ],
   >   "internal": true
   > }
[2022/03/21 10:01:28.506] -  <   {
 <     "id": 1512,
 <     "jsonrpc": "2.0",
 <     "result": "0x8"
 <   }
[2022/03/21 10:01:28.507] - eth_getTransactionCount
[2022/03/21 10:01:28.507] -    > {
   >   "jsonrpc": "2.0",
   >   "id": 1526,
   >   "method": "eth_getTransactionCount",
   >   "params": [
   >     "0x32169f1f5fa8f497c559b6418cdba5b324adf5cc",
   >     "latest"
   >   ],
   >   "internal": true
   > }
[2022/03/21 10:01:28.508] - eth_getBalance
[2022/03/21 10:01:28.508] -    > {
   >   "jsonrpc": "2.0",
   >   "id": 1527,
   >   "method": "eth_getBalance",
   >   "params": [
   >     "0x545d9d1340713f49e058fac7d516f8467614755e",
   >     "latest"
   >   ],
   >   "internal": true
   > }
[2022/03/21 10:01:28.509] -  <   {
 <     "id": 1513,
 <     "jsonrpc": "2.0",
 <     "result": "0x4563918244f40000"
 <   }
[2022/03/21 10:01:28.510] - eth_getTransactionCount
[2022/03/21 10:01:28.510] -    > {
   >   "jsonrpc": "2.0",
   >   "id": 1528,
   >   "method": "eth_getTransactionCount",
   >   "params": [
   >     "0x545d9d1340713f49e058fac7d516f8467614755e",
   >     "latest"
   >   ],
   >   "internal": true
   > }
[2022/03/21 10:01:28.510] -  <   {
 <     "id": 1514,
 <     "jsonrpc": "2.0",
 <     "result": "0x0"
 <   }
[2022/03/21 10:01:28.512] -  <   {
 <     "id": 1515,
 <     "jsonrpc": "2.0",
 <     "result": "0x4563918244f40000"
 <   }
[2022/03/21 10:01:28.514] -  <   {
 <     "id": 1516,
 <     "jsonrpc": "2.0",
 <     "result": "0x0"
 <   }
[2022/03/21 10:01:28.516] -  <   {
 <     "id": 1517,
 <     "jsonrpc": "2.0",
 <     "result": "0x4563918244f40000"
 <   }
[2022/03/21 10:01:28.518] -  <   {
 <     "id": 1518,
 <     "jsonrpc": "2.0",
 <     "result": "0x0"
 <   }
[2022/03/21 10:01:28.520] -  <   {
 <     "id": 1519,
 <     "jsonrpc": "2.0",
 <     "result": "0x4563918244f40000"
 <   }
[2022/03/21 10:01:28.522] -  <   {
 <     "id": 1520,
 <     "jsonrpc": "2.0",
 <     "result": "0x0"
 <   }
[2022/03/21 10:01:28.524] -  <   {
 <     "id": 1521,
 <     "jsonrpc": "2.0",
 <     "result": "0x4563918244f40000"
 <   }
[2022/03/21 10:01:28.526] -  <   {
 <     "id": 1522,
 <     "jsonrpc": "2.0",
 <     "result": "0x0"
 <   }
[2022/03/21 10:01:28.528] -  <   {
 <     "id": 1523,
 <     "jsonrpc": "2.0",
 <     "result": "0x4563918244f40000"
 <   }
[2022/03/21 10:01:28.531] -  <   {
 <     "id": 1524,
 <     "jsonrpc": "2.0",
 <     "result": "0x0"
 <   }
[2022/03/21 10:01:28.533] -  <   {
 <     "id": 1525,
 <     "jsonrpc": "2.0",
 <     "result": "0x4563918244f40000"
 <   }
[2022/03/21 10:01:28.539] -  <   {
 <     "id": 1526,
 <     "jsonrpc": "2.0",
 <     "result": "0x0"
 <   }
[2022/03/21 10:01:28.542] -  <   {
 <     "id": 1527,
 <     "jsonrpc": "2.0",
 <     "result": "0x4563918244f40000"
 <   }
[2022/03/21 10:01:28.544] -  <   {
 <     "id": 1528,
 <     "jsonrpc": "2.0",
 <     "result": "0x0"
 <   }
[2022/03/21 10:06:16.243] - eth_unsubscribe
[2022/03/21 10:06:16.244] -    > {
   >   "jsonrpc": "2.0",
   >   "id": 66,
   >   "method": "eth_unsubscribe",
   >   "params": [
   >     "0x3"
   >   ]
   > }
[2022/03/21 10:06:16.245] - eth_unsubscribe
[2022/03/21 10:06:16.246] -    > {
   >   "jsonrpc": "2.0",
   >   "id": 67,
   >   "method": "eth_unsubscribe",
   >   "params": [
   >     "0x4"
   >   ]
   > }
[2022/03/21 10:06:16.246] -    > {
   >   "jsonrpc": "2.0",
   >   "method": "eth_unsubscribe",
   >   "params": [
   >     "0x6"
   >   ],
   >   "id": 1647882376246
   > }
[2022/03/21 10:06:16.246] -    > {
   >   "jsonrpc": "2.0",
   >   "method": "eth_unsubscribe",
   >   "params": [
   >     "0x3"
   >   ],
   >   "id": 1647882376246
   > }
[2022/03/21 10:06:16.247] -    > {
   >   "jsonrpc": "2.0",
   >   "method": "eth_unsubscribe",
   >   "params": [
   >     "0x4"
   >   ],
   >   "id": 1647882376247
   > }
[2022/03/21 10:06:16.247] -    > {
   >   "jsonrpc": "2.0",
   >   "method": "eth_unsubscribe",
   >   "params": [
   >     "0x5"
   >   ],
   >   "id": 1647882376247
   > }
[2022/03/21 10:06:16.247] -    > {
   >   "jsonrpc": "2.0",
   >   "method": "eth_unsubscribe",
   >   "params": [
   >     "0x1"
   >   ],
   >   "id": 1647882376247
   > }
[2022/03/21 10:06:16.247] -    > {
   >   "jsonrpc": "2.0",
   >   "method": "eth_unsubscribe",
   >   "params": [
   >     "0x2"
   >   ],
   >   "id": 1647882376247
   > }
[2022/03/21 10:06:16.248] -  <   {
 <     "id": 66,
 <     "jsonrpc": "2.0",
 <     "result": true
 <   }
[2022/03/21 10:06:16.250] -  <   {
 <     "id": 67,
 <     "jsonrpc": "2.0",
 <     "result": true
 <   }
[2022/03/21 10:06:16.252] -  <   {
 <     "id": 1647882376246,
 <     "jsonrpc": "2.0",
 <     "result": true
 <   }
[2022/03/21 10:06:16.262] -  <   {
 <     "id": 1647882376246,
 <     "jsonrpc": "2.0",
 <     "error": {
 <       "message": "Subscription ID 0x3 not found.",
 <       "code": -32000,
 <       "data": {
 <         "stack": "Error: Subscription ID 0x3 not found.\n    at SubscriptionSubprovider.eth_unsubscribe (/Applications/Ganache.app/Contents/Resources/static/node/node_modules/ganache-core/node_modules/web3-provider-engine/subproviders/subscriptions.js:78:8)\n    at SubscriptionSubprovider.handleRequest (/Applications/Ganache.app/Contents/Resources/static/node/node_modules/ganache-core/node_modules/web3-provider-engine/subproviders/subscriptions.js:134:12)\n    at next (/Applications/Ganache.app/Contents/Resources/static/node/node_modules/ganache-core/node_modules/web3-provider-engine/index.js:136:18)\n    at DelayedBlockFilter.handleRequest (/Applications/Ganache.app/Contents/Resources/static/node/node_modules/ganache-core/lib/subproviders/delayedblockfilter.js:31:3)\n    at next (/Applications/Ganache.app/Contents/Resources/static/node/node_modules/ganache-core/node_modules/web3-provider-engine/index.js:136:18)\n    at RequestFunnel.handleRequest (/Applications/Ganache.app/Contents/Resources/static/node/node_modules/ganache-core/lib/subproviders/requestfunnel.js:32:12)\n    at next (/Applications/Ganache.app/Contents/Resources/static/node/node_modules/ganache-core/node_modules/web3-provider-engine/index.js:136:18)\n    at Web3ProviderEngine._handleAsync (/Applications/Ganache.app/Contents/Resources/static/node/node_modules/ganache-core/node_modules/web3-provider-engine/index.js:123:3)\n    at Timeout._onTimeout (/Applications/Ganache.app/Contents/Resources/static/node/node_modules/ganache-core/node_modules/web3-provider-engine/index.js:107:12)\n    at listOnTimeout (internal/timers.js:531:17)\n    at processTimers (internal/timers.js:475:7)",
 <         "name": "Error"
 <       }
 <     }
 <   }
[2022/03/21 10:06:16.264] -  <   {
 <     "id": 1647882376247,
 <     "jsonrpc": "2.0",
 <     "error": {
 <       "message": "Subscription ID 0x4 not found.",
 <       "code": -32000,
 <       "data": {
 <         "stack": "Error: Subscription ID 0x4 not found.\n    at SubscriptionSubprovider.eth_unsubscribe (/Applications/Ganache.app/Contents/Resources/static/node/node_modules/ganache-core/node_modules/web3-provider-engine/subproviders/subscriptions.js:78:8)\n    at SubscriptionSubprovider.handleRequest (/Applications/Ganache.app/Contents/Resources/static/node/node_modules/ganache-core/node_modules/web3-provider-engine/subproviders/subscriptions.js:134:12)\n    at next (/Applications/Ganache.app/Contents/Resources/static/node/node_modules/ganache-core/node_modules/web3-provider-engine/index.js:136:18)\n    at DelayedBlockFilter.handleRequest (/Applications/Ganache.app/Contents/Resources/static/node/node_modules/ganache-core/lib/subproviders/delayedblockfilter.js:31:3)\n    at next (/Applications/Ganache.app/Contents/Resources/static/node/node_modules/ganache-core/node_modules/web3-provider-engine/index.js:136:18)\n    at RequestFunnel.handleRequest (/Applications/Ganache.app/Contents/Resources/static/node/node_modules/ganache-core/lib/subproviders/requestfunnel.js:32:12)\n    at next (/Applications/Ganache.app/Contents/Resources/static/node/node_modules/ganache-core/node_modules/web3-provider-engine/index.js:136:18)\n    at Web3ProviderEngine._handleAsync (/Applications/Ganache.app/Contents/Resources/static/node/node_modules/ganache-core/node_modules/web3-provider-engine/index.js:123:3)\n    at Timeout._onTimeout (/Applications/Ganache.app/Contents/Resources/static/node/node_modules/ganache-core/node_modules/web3-provider-engine/index.js:107:12)\n    at listOnTimeout (internal/timers.js:531:17)\n    at processTimers (internal/timers.js:475:7)",
 <         "name": "Error"
 <       }
 <     }
 <   }
[2022/03/21 10:06:16.268] -  <   {
 <     "id": 1647882376247,
 <     "jsonrpc": "2.0",
 <     "result": true
 <   }
[2022/03/21 10:06:16.269] -  <   {
 <     "id": 1647882376247,
 <     "jsonrpc": "2.0",
 <     "result": true
 <   }
[2022/03/21 10:06:16.278] -  <   {
 <     "id": 1647882376247,
 <     "jsonrpc": "2.0",
 <     "result": true
 <   }
